<?xml version="1.0" encoding="UTF-8"?>
<testng-results ignored="0" total="1" passed="1" failed="0" skipped="0">
  <reporter-output>
  </reporter-output>
  <suite started-at="2026-07-12T15:35:16 IST" name="Suite" finished-at="2026-07-12T15:35:21 IST" duration-ms="4876">
    <groups>
    </groups>
    <test started-at="2026-07-12T15:35:16 IST" name="Test" finished-at="2026-07-12T15:35:21 IST" duration-ms="4876">
      <class name="Testing_UI.testBrowsers">
        <test-method signature="init()[pri:0, instance:Testing_UI.testBrowsers@333291e3]" started-at="2026-07-12T15:35:16 IST" name="init" finished-at="2026-07-12T15:35:21 IST" duration-ms="4781" status="PASS">
          <reporter-output>
          </reporter-output>
        </test-method> <!-- init -->
      </class> <!-- Testing_UI.testBrowsers -->
    </test> <!-- Test -->
  </suite> <!-- Suite -->
</testng-results>
