<?xml version="1.0" encoding="UTF-8"?>
<testng-results ignored="0" total="1" passed="1" failed="0" skipped="0">
  <reporter-output>
  </reporter-output>
  <suite started-at="2026-07-12T15:36:21 IST" name="Default suite" finished-at="2026-07-12T15:36:25 IST" duration-ms="4346">
    <groups>
    </groups>
    <test started-at="2026-07-12T15:36:21 IST" name="Default test" finished-at="2026-07-12T15:36:25 IST" duration-ms="4346">
      <class name="Testing_UI.testBrowsers">
        <test-method signature="init()[pri:0, instance:Testing_UI.testBrowsers@7e6f74c]" started-at="2026-07-12T15:36:21 IST" name="init" finished-at="2026-07-12T15:36:25 IST" duration-ms="4269" status="PASS">
          <reporter-output>
          </reporter-output>
        </test-method> <!-- init -->
      </class> <!-- Testing_UI.testBrowsers -->
    </test> <!-- Default test -->
  </suite> <!-- Default suite -->
</testng-results>
